<?xml version="1.0" encoding="UTF-8"?>
<testng-results ignored="0" total="1" passed="1" failed="0" skipped="0">
  <reporter-output>
  </reporter-output>
  <suite started-at="2024-03-04T04:55:12Z" name="Default suite" finished-at="2024-03-04T04:55:16Z" duration-ms="4423">
    <groups>
    </groups>
    <test started-at="2024-03-04T04:55:12Z" name="Default test" finished-at="2024-03-04T04:55:16Z" duration-ms="4423">
      <class name="com.crm.qa.testcases.CheckOutPageTest">
        <test-method is-config="true" signature="setUp()[pri:0, instance:com.crm.qa.testcases.CheckOutPageTest@4ff8d125]" started-at="2024-03-04T10:25:12Z" name="setUp" finished-at="2024-03-04T10:25:16Z" duration-ms="3573" status="PASS">
          <reporter-output>
          </reporter-output>
        </test-method> <!-- setUp -->
        <test-method signature="AddToCartTest1()[pri:0, instance:com.crm.qa.testcases.CheckOutPageTest@4ff8d125]" started-at="2024-03-04T10:25:16Z" name="AddToCartTest1" finished-at="2024-03-04T10:25:16Z" duration-ms="831" status="PASS">
          <reporter-output>
          </reporter-output>
        </test-method> <!-- AddToCartTest1 -->
      </class> <!-- com.crm.qa.testcases.CheckOutPageTest -->
    </test> <!-- Default test -->
  </suite> <!-- Default suite -->
</testng-results>
